<?xml version="1.0" encoding="UTF-8"?>
<testng-results skipped="0" failed="0" ignored="0" total="1" passed="1">
  <reporter-output>
  </reporter-output>
  <suite name="Default suite" duration-ms="2935" started-at="2019-03-19T09:55:26Z" finished-at="2019-03-19T09:55:29Z">
    <groups>
    </groups>
    <test name="Default test" duration-ms="2935" started-at="2019-03-19T09:55:26Z" finished-at="2019-03-19T09:55:29Z">
      <class name="DBTest.MySqlReadData">
        <test-method status="PASS" signature="setUp()[pri:0, instance:DBTest.MySqlReadData@ea1a8d5]" name="setUp" is-config="true" duration-ms="115" started-at="2019-03-19T09:55:26Z" finished-at="2019-03-19T09:55:26Z">
          <reporter-output>
          </reporter-output>
        </test-method> <!-- setUp -->
        <test-method status="PASS" signature="printTableData()[pri:0, instance:DBTest.MySqlReadData@ea1a8d5]" name="printTableData" duration-ms="2758" started-at="2019-03-19T09:55:26Z" finished-at="2019-03-19T09:55:28Z">
          <reporter-output>
          </reporter-output>
        </test-method> <!-- printTableData -->
        <test-method status="PASS" signature="tearDown()[pri:0, instance:DBTest.MySqlReadData@ea1a8d5]" name="tearDown" is-config="true" duration-ms="5" started-at="2019-03-19T09:55:29Z" finished-at="2019-03-19T09:55:29Z">
          <reporter-output>
          </reporter-output>
        </test-method> <!-- tearDown -->
      </class> <!-- DBTest.MySqlReadData -->
    </test> <!-- Default test -->
  </suite> <!-- Default suite -->
</testng-results>
